Created by PLY version 3.11 (http://www.dabeaz.com/ply)

Unused terminals:

    COMMENT
    C_BRACE
    ELSE
    EQUALS
    G_THAN
    ID
    IF
    L_THAN
    O_BRACE
    WHILE

Grammar

Rule 0     S' -> start
Rule 1     start -> start statement
Rule 2     start -> statement
Rule 3     statement -> variable_assignment
Rule 4     statement -> print_cmd
Rule 5     statement -> println_cmd
Rule 6     println_cmd -> PRINTLN O_PAREN STRING C_PAREN SEMICOLON
Rule 7     print_cmd -> PRINT O_PAREN STRING C_PAREN SEMICOLON
Rule 8     operator -> PLUS
Rule 9     operator -> MINUS
Rule 10    operator -> MULT
Rule 11    operator -> DIV
Rule 12    expr -> O_PAREN VARIABLE_NAME operator VARIABLE_NAME C_PAREN
Rule 13    expr -> O_PAREN VARIABLE_NAME operator NUMBER C_PAREN
Rule 14    expr -> O_PAREN VARIABLE_NAME operator expr C_PAREN
Rule 15    expr -> O_PAREN NUMBER operator VARIABLE_NAME C_PAREN
Rule 16    expr -> O_PAREN expr operator VARIABLE_NAME C_PAREN
Rule 17    expr -> O_PAREN expr operator expr C_PAREN
Rule 18    expr -> O_PAREN NUMBER operator expr C_PAREN
Rule 19    expr -> O_PAREN expr operator NUMBER C_PAREN
Rule 20    expr -> O_PAREN NUMBER operator NUMBER C_PAREN
Rule 21    variable_assignment -> VARIABLE_NAME ASSIGN NUMBER SEMICOLON
Rule 22    variable_assignment -> VARIABLE_NAME ASSIGN expr SEMICOLON
Rule 23    variable_assignment -> VARIABLE_NAME ASSIGN STRING SEMICOLON
Rule 24    variable_assignment -> VARIABLE_NAME ASSIGN VARIABLE_NAME SEMICOLON

Terminals, with rules where they appear

ASSIGN               : 21 22 23 24
COMMENT              : 
C_BRACE              : 
C_PAREN              : 6 7 12 13 14 15 16 17 18 19 20
DIV                  : 11
ELSE                 : 
EQUALS               : 
G_THAN               : 
ID                   : 
IF                   : 
L_THAN               : 
MINUS                : 9
MULT                 : 10
NUMBER               : 13 15 18 19 20 20 21
O_BRACE              : 
O_PAREN              : 6 7 12 13 14 15 16 17 18 19 20
PLUS                 : 8
PRINT                : 7
PRINTLN              : 6
SEMICOLON            : 6 7 21 22 23 24
STRING               : 6 7 23
VARIABLE_NAME        : 12 12 13 14 15 16 21 22 23 24 24
WHILE                : 
error                : 

Nonterminals, with rules where they appear

expr                 : 14 16 17 17 18 19 22
operator             : 12 13 14 15 16 17 18 19 20
print_cmd            : 4
println_cmd          : 5
start                : 1 0
statement            : 1 2
variable_assignment  : 3

Parsing method: LALR

state 0

    (0) S' -> . start
    (1) start -> . start statement
    (2) start -> . statement
    (3) statement -> . variable_assignment
    (4) statement -> . print_cmd
    (5) statement -> . println_cmd
    (21) variable_assignment -> . VARIABLE_NAME ASSIGN NUMBER SEMICOLON
    (22) variable_assignment -> . VARIABLE_NAME ASSIGN expr SEMICOLON
    (23) variable_assignment -> . VARIABLE_NAME ASSIGN STRING SEMICOLON
    (24) variable_assignment -> . VARIABLE_NAME ASSIGN VARIABLE_NAME SEMICOLON
    (7) print_cmd -> . PRINT O_PAREN STRING C_PAREN SEMICOLON
    (6) println_cmd -> . PRINTLN O_PAREN STRING C_PAREN SEMICOLON

    VARIABLE_NAME   shift and go to state 6
    PRINT           shift and go to state 7
    PRINTLN         shift and go to state 8

    start                          shift and go to state 1
    statement                      shift and go to state 2
    variable_assignment            shift and go to state 3
    print_cmd                      shift and go to state 4
    println_cmd                    shift and go to state 5

state 1

    (0) S' -> start .
    (1) start -> start . statement
    (3) statement -> . variable_assignment
    (4) statement -> . print_cmd
    (5) statement -> . println_cmd
    (21) variable_assignment -> . VARIABLE_NAME ASSIGN NUMBER SEMICOLON
    (22) variable_assignment -> . VARIABLE_NAME ASSIGN expr SEMICOLON
    (23) variable_assignment -> . VARIABLE_NAME ASSIGN STRING SEMICOLON
    (24) variable_assignment -> . VARIABLE_NAME ASSIGN VARIABLE_NAME SEMICOLON
    (7) print_cmd -> . PRINT O_PAREN STRING C_PAREN SEMICOLON
    (6) println_cmd -> . PRINTLN O_PAREN STRING C_PAREN SEMICOLON

    VARIABLE_NAME   shift and go to state 6
    PRINT           shift and go to state 7
    PRINTLN         shift and go to state 8

    statement                      shift and go to state 9
    variable_assignment            shift and go to state 3
    print_cmd                      shift and go to state 4
    println_cmd                    shift and go to state 5

state 2

    (2) start -> statement .

    VARIABLE_NAME   reduce using rule 2 (start -> statement .)
    PRINT           reduce using rule 2 (start -> statement .)
    PRINTLN         reduce using rule 2 (start -> statement .)
    $end            reduce using rule 2 (start -> statement .)


state 3

    (3) statement -> variable_assignment .

    VARIABLE_NAME   reduce using rule 3 (statement -> variable_assignment .)
    PRINT           reduce using rule 3 (statement -> variable_assignment .)
    PRINTLN         reduce using rule 3 (statement -> variable_assignment .)
    $end            reduce using rule 3 (statement -> variable_assignment .)


state 4

    (4) statement -> print_cmd .

    VARIABLE_NAME   reduce using rule 4 (statement -> print_cmd .)
    PRINT           reduce using rule 4 (statement -> print_cmd .)
    PRINTLN         reduce using rule 4 (statement -> print_cmd .)
    $end            reduce using rule 4 (statement -> print_cmd .)


state 5

    (5) statement -> println_cmd .

    VARIABLE_NAME   reduce using rule 5 (statement -> println_cmd .)
    PRINT           reduce using rule 5 (statement -> println_cmd .)
    PRINTLN         reduce using rule 5 (statement -> println_cmd .)
    $end            reduce using rule 5 (statement -> println_cmd .)


state 6

    (21) variable_assignment -> VARIABLE_NAME . ASSIGN NUMBER SEMICOLON
    (22) variable_assignment -> VARIABLE_NAME . ASSIGN expr SEMICOLON
    (23) variable_assignment -> VARIABLE_NAME . ASSIGN STRING SEMICOLON
    (24) variable_assignment -> VARIABLE_NAME . ASSIGN VARIABLE_NAME SEMICOLON

    ASSIGN          shift and go to state 10


state 7

    (7) print_cmd -> PRINT . O_PAREN STRING C_PAREN SEMICOLON

    O_PAREN         shift and go to state 11


state 8

    (6) println_cmd -> PRINTLN . O_PAREN STRING C_PAREN SEMICOLON

    O_PAREN         shift and go to state 12


state 9

    (1) start -> start statement .

    VARIABLE_NAME   reduce using rule 1 (start -> start statement .)
    PRINT           reduce using rule 1 (start -> start statement .)
    PRINTLN         reduce using rule 1 (start -> start statement .)
    $end            reduce using rule 1 (start -> start statement .)


state 10

    (21) variable_assignment -> VARIABLE_NAME ASSIGN . NUMBER SEMICOLON
    (22) variable_assignment -> VARIABLE_NAME ASSIGN . expr SEMICOLON
    (23) variable_assignment -> VARIABLE_NAME ASSIGN . STRING SEMICOLON
    (24) variable_assignment -> VARIABLE_NAME ASSIGN . VARIABLE_NAME SEMICOLON
    (12) expr -> . O_PAREN VARIABLE_NAME operator VARIABLE_NAME C_PAREN
    (13) expr -> . O_PAREN VARIABLE_NAME operator NUMBER C_PAREN
    (14) expr -> . O_PAREN VARIABLE_NAME operator expr C_PAREN
    (15) expr -> . O_PAREN NUMBER operator VARIABLE_NAME C_PAREN
    (16) expr -> . O_PAREN expr operator VARIABLE_NAME C_PAREN
    (17) expr -> . O_PAREN expr operator expr C_PAREN
    (18) expr -> . O_PAREN NUMBER operator expr C_PAREN
    (19) expr -> . O_PAREN expr operator NUMBER C_PAREN
    (20) expr -> . O_PAREN NUMBER operator NUMBER C_PAREN

    NUMBER          shift and go to state 14
    STRING          shift and go to state 16
    VARIABLE_NAME   shift and go to state 13
    O_PAREN         shift and go to state 17

    expr                           shift and go to state 15

state 11

    (7) print_cmd -> PRINT O_PAREN . STRING C_PAREN SEMICOLON

    STRING          shift and go to state 18


state 12

    (6) println_cmd -> PRINTLN O_PAREN . STRING C_PAREN SEMICOLON

    STRING          shift and go to state 19


state 13

    (24) variable_assignment -> VARIABLE_NAME ASSIGN VARIABLE_NAME . SEMICOLON

    SEMICOLON       shift and go to state 20


state 14

    (21) variable_assignment -> VARIABLE_NAME ASSIGN NUMBER . SEMICOLON

    SEMICOLON       shift and go to state 21


state 15

    (22) variable_assignment -> VARIABLE_NAME ASSIGN expr . SEMICOLON

    SEMICOLON       shift and go to state 22


state 16

    (23) variable_assignment -> VARIABLE_NAME ASSIGN STRING . SEMICOLON

    SEMICOLON       shift and go to state 23


state 17

    (12) expr -> O_PAREN . VARIABLE_NAME operator VARIABLE_NAME C_PAREN
    (13) expr -> O_PAREN . VARIABLE_NAME operator NUMBER C_PAREN
    (14) expr -> O_PAREN . VARIABLE_NAME operator expr C_PAREN
    (15) expr -> O_PAREN . NUMBER operator VARIABLE_NAME C_PAREN
    (16) expr -> O_PAREN . expr operator VARIABLE_NAME C_PAREN
    (17) expr -> O_PAREN . expr operator expr C_PAREN
    (18) expr -> O_PAREN . NUMBER operator expr C_PAREN
    (19) expr -> O_PAREN . expr operator NUMBER C_PAREN
    (20) expr -> O_PAREN . NUMBER operator NUMBER C_PAREN
    (12) expr -> . O_PAREN VARIABLE_NAME operator VARIABLE_NAME C_PAREN
    (13) expr -> . O_PAREN VARIABLE_NAME operator NUMBER C_PAREN
    (14) expr -> . O_PAREN VARIABLE_NAME operator expr C_PAREN
    (15) expr -> . O_PAREN NUMBER operator VARIABLE_NAME C_PAREN
    (16) expr -> . O_PAREN expr operator VARIABLE_NAME C_PAREN
    (17) expr -> . O_PAREN expr operator expr C_PAREN
    (18) expr -> . O_PAREN NUMBER operator expr C_PAREN
    (19) expr -> . O_PAREN expr operator NUMBER C_PAREN
    (20) expr -> . O_PAREN NUMBER operator NUMBER C_PAREN

    VARIABLE_NAME   shift and go to state 24
    NUMBER          shift and go to state 25
    O_PAREN         shift and go to state 17

    expr                           shift and go to state 26

state 18

    (7) print_cmd -> PRINT O_PAREN STRING . C_PAREN SEMICOLON

    C_PAREN         shift and go to state 27


state 19

    (6) println_cmd -> PRINTLN O_PAREN STRING . C_PAREN SEMICOLON

    C_PAREN         shift and go to state 28


state 20

    (24) variable_assignment -> VARIABLE_NAME ASSIGN VARIABLE_NAME SEMICOLON .

    VARIABLE_NAME   reduce using rule 24 (variable_assignment -> VARIABLE_NAME ASSIGN VARIABLE_NAME SEMICOLON .)
    PRINT           reduce using rule 24 (variable_assignment -> VARIABLE_NAME ASSIGN VARIABLE_NAME SEMICOLON .)
    PRINTLN         reduce using rule 24 (variable_assignment -> VARIABLE_NAME ASSIGN VARIABLE_NAME SEMICOLON .)
    $end            reduce using rule 24 (variable_assignment -> VARIABLE_NAME ASSIGN VARIABLE_NAME SEMICOLON .)


state 21

    (21) variable_assignment -> VARIABLE_NAME ASSIGN NUMBER SEMICOLON .

    VARIABLE_NAME   reduce using rule 21 (variable_assignment -> VARIABLE_NAME ASSIGN NUMBER SEMICOLON .)
    PRINT           reduce using rule 21 (variable_assignment -> VARIABLE_NAME ASSIGN NUMBER SEMICOLON .)
    PRINTLN         reduce using rule 21 (variable_assignment -> VARIABLE_NAME ASSIGN NUMBER SEMICOLON .)
    $end            reduce using rule 21 (variable_assignment -> VARIABLE_NAME ASSIGN NUMBER SEMICOLON .)


state 22

    (22) variable_assignment -> VARIABLE_NAME ASSIGN expr SEMICOLON .

    VARIABLE_NAME   reduce using rule 22 (variable_assignment -> VARIABLE_NAME ASSIGN expr SEMICOLON .)
    PRINT           reduce using rule 22 (variable_assignment -> VARIABLE_NAME ASSIGN expr SEMICOLON .)
    PRINTLN         reduce using rule 22 (variable_assignment -> VARIABLE_NAME ASSIGN expr SEMICOLON .)
    $end            reduce using rule 22 (variable_assignment -> VARIABLE_NAME ASSIGN expr SEMICOLON .)


state 23

    (23) variable_assignment -> VARIABLE_NAME ASSIGN STRING SEMICOLON .

    VARIABLE_NAME   reduce using rule 23 (variable_assignment -> VARIABLE_NAME ASSIGN STRING SEMICOLON .)
    PRINT           reduce using rule 23 (variable_assignment -> VARIABLE_NAME ASSIGN STRING SEMICOLON .)
    PRINTLN         reduce using rule 23 (variable_assignment -> VARIABLE_NAME ASSIGN STRING SEMICOLON .)
    $end            reduce using rule 23 (variable_assignment -> VARIABLE_NAME ASSIGN STRING SEMICOLON .)


state 24

    (12) expr -> O_PAREN VARIABLE_NAME . operator VARIABLE_NAME C_PAREN
    (13) expr -> O_PAREN VARIABLE_NAME . operator NUMBER C_PAREN
    (14) expr -> O_PAREN VARIABLE_NAME . operator expr C_PAREN
    (8) operator -> . PLUS
    (9) operator -> . MINUS
    (10) operator -> . MULT
    (11) operator -> . DIV

    PLUS            shift and go to state 30
    MINUS           shift and go to state 31
    MULT            shift and go to state 32
    DIV             shift and go to state 33

    operator                       shift and go to state 29

state 25

    (15) expr -> O_PAREN NUMBER . operator VARIABLE_NAME C_PAREN
    (18) expr -> O_PAREN NUMBER . operator expr C_PAREN
    (20) expr -> O_PAREN NUMBER . operator NUMBER C_PAREN
    (8) operator -> . PLUS
    (9) operator -> . MINUS
    (10) operator -> . MULT
    (11) operator -> . DIV

    PLUS            shift and go to state 30
    MINUS           shift and go to state 31
    MULT            shift and go to state 32
    DIV             shift and go to state 33

    operator                       shift and go to state 34

state 26

    (16) expr -> O_PAREN expr . operator VARIABLE_NAME C_PAREN
    (17) expr -> O_PAREN expr . operator expr C_PAREN
    (19) expr -> O_PAREN expr . operator NUMBER C_PAREN
    (8) operator -> . PLUS
    (9) operator -> . MINUS
    (10) operator -> . MULT
    (11) operator -> . DIV

    PLUS            shift and go to state 30
    MINUS           shift and go to state 31
    MULT            shift and go to state 32
    DIV             shift and go to state 33

    operator                       shift and go to state 35

state 27

    (7) print_cmd -> PRINT O_PAREN STRING C_PAREN . SEMICOLON

    SEMICOLON       shift and go to state 36


state 28

    (6) println_cmd -> PRINTLN O_PAREN STRING C_PAREN . SEMICOLON

    SEMICOLON       shift and go to state 37


state 29

    (12) expr -> O_PAREN VARIABLE_NAME operator . VARIABLE_NAME C_PAREN
    (13) expr -> O_PAREN VARIABLE_NAME operator . NUMBER C_PAREN
    (14) expr -> O_PAREN VARIABLE_NAME operator . expr C_PAREN
    (12) expr -> . O_PAREN VARIABLE_NAME operator VARIABLE_NAME C_PAREN
    (13) expr -> . O_PAREN VARIABLE_NAME operator NUMBER C_PAREN
    (14) expr -> . O_PAREN VARIABLE_NAME operator expr C_PAREN
    (15) expr -> . O_PAREN NUMBER operator VARIABLE_NAME C_PAREN
    (16) expr -> . O_PAREN expr operator VARIABLE_NAME C_PAREN
    (17) expr -> . O_PAREN expr operator expr C_PAREN
    (18) expr -> . O_PAREN NUMBER operator expr C_PAREN
    (19) expr -> . O_PAREN expr operator NUMBER C_PAREN
    (20) expr -> . O_PAREN NUMBER operator NUMBER C_PAREN

    VARIABLE_NAME   shift and go to state 38
    NUMBER          shift and go to state 39
    O_PAREN         shift and go to state 17

    expr                           shift and go to state 40

state 30

    (8) operator -> PLUS .

    VARIABLE_NAME   reduce using rule 8 (operator -> PLUS .)
    NUMBER          reduce using rule 8 (operator -> PLUS .)
    O_PAREN         reduce using rule 8 (operator -> PLUS .)


state 31

    (9) operator -> MINUS .

    VARIABLE_NAME   reduce using rule 9 (operator -> MINUS .)
    NUMBER          reduce using rule 9 (operator -> MINUS .)
    O_PAREN         reduce using rule 9 (operator -> MINUS .)


state 32

    (10) operator -> MULT .

    VARIABLE_NAME   reduce using rule 10 (operator -> MULT .)
    NUMBER          reduce using rule 10 (operator -> MULT .)
    O_PAREN         reduce using rule 10 (operator -> MULT .)


state 33

    (11) operator -> DIV .

    VARIABLE_NAME   reduce using rule 11 (operator -> DIV .)
    NUMBER          reduce using rule 11 (operator -> DIV .)
    O_PAREN         reduce using rule 11 (operator -> DIV .)


state 34

    (15) expr -> O_PAREN NUMBER operator . VARIABLE_NAME C_PAREN
    (18) expr -> O_PAREN NUMBER operator . expr C_PAREN
    (20) expr -> O_PAREN NUMBER operator . NUMBER C_PAREN
    (12) expr -> . O_PAREN VARIABLE_NAME operator VARIABLE_NAME C_PAREN
    (13) expr -> . O_PAREN VARIABLE_NAME operator NUMBER C_PAREN
    (14) expr -> . O_PAREN VARIABLE_NAME operator expr C_PAREN
    (15) expr -> . O_PAREN NUMBER operator VARIABLE_NAME C_PAREN
    (16) expr -> . O_PAREN expr operator VARIABLE_NAME C_PAREN
    (17) expr -> . O_PAREN expr operator expr C_PAREN
    (18) expr -> . O_PAREN NUMBER operator expr C_PAREN
    (19) expr -> . O_PAREN expr operator NUMBER C_PAREN
    (20) expr -> . O_PAREN NUMBER operator NUMBER C_PAREN

    VARIABLE_NAME   shift and go to state 42
    NUMBER          shift and go to state 41
    O_PAREN         shift and go to state 17

    expr                           shift and go to state 43

state 35

    (16) expr -> O_PAREN expr operator . VARIABLE_NAME C_PAREN
    (17) expr -> O_PAREN expr operator . expr C_PAREN
    (19) expr -> O_PAREN expr operator . NUMBER C_PAREN
    (12) expr -> . O_PAREN VARIABLE_NAME operator VARIABLE_NAME C_PAREN
    (13) expr -> . O_PAREN VARIABLE_NAME operator NUMBER C_PAREN
    (14) expr -> . O_PAREN VARIABLE_NAME operator expr C_PAREN
    (15) expr -> . O_PAREN NUMBER operator VARIABLE_NAME C_PAREN
    (16) expr -> . O_PAREN expr operator VARIABLE_NAME C_PAREN
    (17) expr -> . O_PAREN expr operator expr C_PAREN
    (18) expr -> . O_PAREN NUMBER operator expr C_PAREN
    (19) expr -> . O_PAREN expr operator NUMBER C_PAREN
    (20) expr -> . O_PAREN NUMBER operator NUMBER C_PAREN

    VARIABLE_NAME   shift and go to state 45
    NUMBER          shift and go to state 46
    O_PAREN         shift and go to state 17

    expr                           shift and go to state 44

state 36

    (7) print_cmd -> PRINT O_PAREN STRING C_PAREN SEMICOLON .

    VARIABLE_NAME   reduce using rule 7 (print_cmd -> PRINT O_PAREN STRING C_PAREN SEMICOLON .)
    PRINT           reduce using rule 7 (print_cmd -> PRINT O_PAREN STRING C_PAREN SEMICOLON .)
    PRINTLN         reduce using rule 7 (print_cmd -> PRINT O_PAREN STRING C_PAREN SEMICOLON .)
    $end            reduce using rule 7 (print_cmd -> PRINT O_PAREN STRING C_PAREN SEMICOLON .)


state 37

    (6) println_cmd -> PRINTLN O_PAREN STRING C_PAREN SEMICOLON .

    VARIABLE_NAME   reduce using rule 6 (println_cmd -> PRINTLN O_PAREN STRING C_PAREN SEMICOLON .)
    PRINT           reduce using rule 6 (println_cmd -> PRINTLN O_PAREN STRING C_PAREN SEMICOLON .)
    PRINTLN         reduce using rule 6 (println_cmd -> PRINTLN O_PAREN STRING C_PAREN SEMICOLON .)
    $end            reduce using rule 6 (println_cmd -> PRINTLN O_PAREN STRING C_PAREN SEMICOLON .)


state 38

    (12) expr -> O_PAREN VARIABLE_NAME operator VARIABLE_NAME . C_PAREN

    C_PAREN         shift and go to state 47


state 39

    (13) expr -> O_PAREN VARIABLE_NAME operator NUMBER . C_PAREN

    C_PAREN         shift and go to state 48


state 40

    (14) expr -> O_PAREN VARIABLE_NAME operator expr . C_PAREN

    C_PAREN         shift and go to state 49


state 41

    (20) expr -> O_PAREN NUMBER operator NUMBER . C_PAREN

    C_PAREN         shift and go to state 50


state 42

    (15) expr -> O_PAREN NUMBER operator VARIABLE_NAME . C_PAREN

    C_PAREN         shift and go to state 51


state 43

    (18) expr -> O_PAREN NUMBER operator expr . C_PAREN

    C_PAREN         shift and go to state 52


state 44

    (17) expr -> O_PAREN expr operator expr . C_PAREN

    C_PAREN         shift and go to state 53


state 45

    (16) expr -> O_PAREN expr operator VARIABLE_NAME . C_PAREN

    C_PAREN         shift and go to state 54


state 46

    (19) expr -> O_PAREN expr operator NUMBER . C_PAREN

    C_PAREN         shift and go to state 55


state 47

    (12) expr -> O_PAREN VARIABLE_NAME operator VARIABLE_NAME C_PAREN .

    SEMICOLON       reduce using rule 12 (expr -> O_PAREN VARIABLE_NAME operator VARIABLE_NAME C_PAREN .)
    PLUS            reduce using rule 12 (expr -> O_PAREN VARIABLE_NAME operator VARIABLE_NAME C_PAREN .)
    MINUS           reduce using rule 12 (expr -> O_PAREN VARIABLE_NAME operator VARIABLE_NAME C_PAREN .)
    MULT            reduce using rule 12 (expr -> O_PAREN VARIABLE_NAME operator VARIABLE_NAME C_PAREN .)
    DIV             reduce using rule 12 (expr -> O_PAREN VARIABLE_NAME operator VARIABLE_NAME C_PAREN .)
    C_PAREN         reduce using rule 12 (expr -> O_PAREN VARIABLE_NAME operator VARIABLE_NAME C_PAREN .)


state 48

    (13) expr -> O_PAREN VARIABLE_NAME operator NUMBER C_PAREN .

    SEMICOLON       reduce using rule 13 (expr -> O_PAREN VARIABLE_NAME operator NUMBER C_PAREN .)
    PLUS            reduce using rule 13 (expr -> O_PAREN VARIABLE_NAME operator NUMBER C_PAREN .)
    MINUS           reduce using rule 13 (expr -> O_PAREN VARIABLE_NAME operator NUMBER C_PAREN .)
    MULT            reduce using rule 13 (expr -> O_PAREN VARIABLE_NAME operator NUMBER C_PAREN .)
    DIV             reduce using rule 13 (expr -> O_PAREN VARIABLE_NAME operator NUMBER C_PAREN .)
    C_PAREN         reduce using rule 13 (expr -> O_PAREN VARIABLE_NAME operator NUMBER C_PAREN .)


state 49

    (14) expr -> O_PAREN VARIABLE_NAME operator expr C_PAREN .

    SEMICOLON       reduce using rule 14 (expr -> O_PAREN VARIABLE_NAME operator expr C_PAREN .)
    PLUS            reduce using rule 14 (expr -> O_PAREN VARIABLE_NAME operator expr C_PAREN .)
    MINUS           reduce using rule 14 (expr -> O_PAREN VARIABLE_NAME operator expr C_PAREN .)
    MULT            reduce using rule 14 (expr -> O_PAREN VARIABLE_NAME operator expr C_PAREN .)
    DIV             reduce using rule 14 (expr -> O_PAREN VARIABLE_NAME operator expr C_PAREN .)
    C_PAREN         reduce using rule 14 (expr -> O_PAREN VARIABLE_NAME operator expr C_PAREN .)


state 50

    (20) expr -> O_PAREN NUMBER operator NUMBER C_PAREN .

    SEMICOLON       reduce using rule 20 (expr -> O_PAREN NUMBER operator NUMBER C_PAREN .)
    PLUS            reduce using rule 20 (expr -> O_PAREN NUMBER operator NUMBER C_PAREN .)
    MINUS           reduce using rule 20 (expr -> O_PAREN NUMBER operator NUMBER C_PAREN .)
    MULT            reduce using rule 20 (expr -> O_PAREN NUMBER operator NUMBER C_PAREN .)
    DIV             reduce using rule 20 (expr -> O_PAREN NUMBER operator NUMBER C_PAREN .)
    C_PAREN         reduce using rule 20 (expr -> O_PAREN NUMBER operator NUMBER C_PAREN .)


state 51

    (15) expr -> O_PAREN NUMBER operator VARIABLE_NAME C_PAREN .

    SEMICOLON       reduce using rule 15 (expr -> O_PAREN NUMBER operator VARIABLE_NAME C_PAREN .)
    PLUS            reduce using rule 15 (expr -> O_PAREN NUMBER operator VARIABLE_NAME C_PAREN .)
    MINUS           reduce using rule 15 (expr -> O_PAREN NUMBER operator VARIABLE_NAME C_PAREN .)
    MULT            reduce using rule 15 (expr -> O_PAREN NUMBER operator VARIABLE_NAME C_PAREN .)
    DIV             reduce using rule 15 (expr -> O_PAREN NUMBER operator VARIABLE_NAME C_PAREN .)
    C_PAREN         reduce using rule 15 (expr -> O_PAREN NUMBER operator VARIABLE_NAME C_PAREN .)


state 52

    (18) expr -> O_PAREN NUMBER operator expr C_PAREN .

    SEMICOLON       reduce using rule 18 (expr -> O_PAREN NUMBER operator expr C_PAREN .)
    PLUS            reduce using rule 18 (expr -> O_PAREN NUMBER operator expr C_PAREN .)
    MINUS           reduce using rule 18 (expr -> O_PAREN NUMBER operator expr C_PAREN .)
    MULT            reduce using rule 18 (expr -> O_PAREN NUMBER operator expr C_PAREN .)
    DIV             reduce using rule 18 (expr -> O_PAREN NUMBER operator expr C_PAREN .)
    C_PAREN         reduce using rule 18 (expr -> O_PAREN NUMBER operator expr C_PAREN .)


state 53

    (17) expr -> O_PAREN expr operator expr C_PAREN .

    SEMICOLON       reduce using rule 17 (expr -> O_PAREN expr operator expr C_PAREN .)
    PLUS            reduce using rule 17 (expr -> O_PAREN expr operator expr C_PAREN .)
    MINUS           reduce using rule 17 (expr -> O_PAREN expr operator expr C_PAREN .)
    MULT            reduce using rule 17 (expr -> O_PAREN expr operator expr C_PAREN .)
    DIV             reduce using rule 17 (expr -> O_PAREN expr operator expr C_PAREN .)
    C_PAREN         reduce using rule 17 (expr -> O_PAREN expr operator expr C_PAREN .)


state 54

    (16) expr -> O_PAREN expr operator VARIABLE_NAME C_PAREN .

    SEMICOLON       reduce using rule 16 (expr -> O_PAREN expr operator VARIABLE_NAME C_PAREN .)
    PLUS            reduce using rule 16 (expr -> O_PAREN expr operator VARIABLE_NAME C_PAREN .)
    MINUS           reduce using rule 16 (expr -> O_PAREN expr operator VARIABLE_NAME C_PAREN .)
    MULT            reduce using rule 16 (expr -> O_PAREN expr operator VARIABLE_NAME C_PAREN .)
    DIV             reduce using rule 16 (expr -> O_PAREN expr operator VARIABLE_NAME C_PAREN .)
    C_PAREN         reduce using rule 16 (expr -> O_PAREN expr operator VARIABLE_NAME C_PAREN .)


state 55

    (19) expr -> O_PAREN expr operator NUMBER C_PAREN .

    SEMICOLON       reduce using rule 19 (expr -> O_PAREN expr operator NUMBER C_PAREN .)
    PLUS            reduce using rule 19 (expr -> O_PAREN expr operator NUMBER C_PAREN .)
    MINUS           reduce using rule 19 (expr -> O_PAREN expr operator NUMBER C_PAREN .)
    MULT            reduce using rule 19 (expr -> O_PAREN expr operator NUMBER C_PAREN .)
    DIV             reduce using rule 19 (expr -> O_PAREN expr operator NUMBER C_PAREN .)
    C_PAREN         reduce using rule 19 (expr -> O_PAREN expr operator NUMBER C_PAREN .)

